<?xml version="1.0" encoding="UTF-8"?>
<testng-results ignored="0" total="1" passed="1" failed="0" skipped="0">
  <reporter-output>
  </reporter-output>
  <suite started-at="2024-03-23T09:52:17 IST" name="Default suite" finished-at="2024-03-23T09:52:32 IST" duration-ms="15235">
    <groups>
    </groups>
    <test started-at="2024-03-23T09:52:17 IST" name="Default test" finished-at="2024-03-23T09:52:32 IST" duration-ms="15235">
      <class name="Basic.OrganizationsTest">
        <test-method signature="CreateOrganizationsTest()[pri:0, instance:Basic.OrganizationsTest@74751b3]" started-at="2024-03-23T09:52:17 IST" name="CreateOrganizationsTest" finished-at="2024-03-23T09:52:32 IST" duration-ms="15163" status="PASS">
          <reporter-output>
          </reporter-output>
        </test-method> <!-- CreateOrganizationsTest -->
      </class> <!-- Basic.OrganizationsTest -->
    </test> <!-- Default test -->
  </suite> <!-- Default suite -->
</testng-results>
